<?xml version="1.0" encoding="UTF-8"?>
<!-- Generated by org.testng.reporters.JUnitReportReporter -->
<testsuite skipped="0" hostname="STATION04" name="extent_report.ExtentReport" tests="3" failures="0" timestamp="2019-09-03T15:58:25 SGT" time="38.079" errors="0">
  <testcase name="Test_Checklist_03" time="29.640" classname="extent_report.ExtentReport"/>
  <testcase name="Test_Checklist_19" time="4.915" classname="extent_report.ExtentReport"/>
  <testcase name="Test_Checklist_20" time="3.524" classname="extent_report.ExtentReport"/>
</testsuite> <!-- extent_report.ExtentReport -->
